<?xml version="1.0" encoding="UTF-8"?>
<!-- Generated by org.testng.reporters.JUnitReportReporter -->
<testsuite hostname="DESKTOP-APHTPVC" failures="0" tests="2" name="Dhanvith.Practice" time="71.368" errors="0" timestamp="2025-05-09T10:12:14 IST" skipped="0">
  <testcase classname="Dhanvith.Practice" name="m1" time="65.274"/>
  <testcase classname="Dhanvith.Practice" name="test" time="6.094"/>
</testsuite> <!-- Dhanvith.Practice -->
