<?xml version="1.0" encoding="UTF-8"?>
<!-- Generated by org.testng.reporters.JUnitReportReporter -->
<testsuite hostname="DESKTOP-APHTPVC" failures="0" tests="1" name="Dhanvith.Practice" time="4.317" errors="0" timestamp="2025-05-09T09:53:05 IST" skipped="0">
  <testcase classname="Dhanvith.Practice" name="test" time="4.317"/>
</testsuite> <!-- Dhanvith.Practice -->
